<?xml version="1.0" encoding="utf-8"?><testsuites name="pytest tests"><testsuite name="pytest" errors="0" failures="0" skipped="0" tests="47" time="5.625" timestamp="2026-05-07T22:49:24.073892+00:00" hostname="agent-env-5b55cf26-ec6a-40de-89dc-e738d2771653"><testcase classname="backend.tests.test_authz_and_ws.TestAuthorization403" name="test_team_get_forbidden" time="0.935" /><testcase classname="backend.tests.test_authz_and_ws.TestAuthorization403" name="test_team_invite_forbidden" time="0.055" /><testcase classname="backend.tests.test_authz_and_ws.TestAuthorization403" name="test_players_list_forbidden" time="0.049" /><testcase classname="backend.tests.test_authz_and_ws.TestAuthorization403" name="test_players_create_forbidden" time="0.053" /><testcase classname="backend.tests.test_authz_and_ws.TestAuthorization403" name="test_player_delete_forbidden" time="0.099" /><testcase classname="backend.tests.test_authz_and_ws.TestAuthorization403" name="test_matches_list_forbidden" time="0.047" /><testcase classname="backend.tests.test_authz_and_ws.TestAuthorization403" name="test_match_get_forbidden" time="0.095" /><testcase classname="backend.tests.test_authz_and_ws.TestAuthorization403" name="test_match_patch_forbidden" time="0.050" /><testcase classname="backend.tests.test_authz_and_ws.TestAuthorization403" name="test_match_delete_forbidden" time="0.047" /><testcase classname="backend.tests.test_authz_and_ws.TestAuthorization403" name="test_stats_list_forbidden" time="0.046" /><testcase classname="backend.tests.test_authz_and_ws.TestAuthorization403" name="test_stats_summary_forbidden" time="0.049" /><testcase classname="backend.tests.test_authz_and_ws.TestAuthorization403" name="test_stats_create_forbidden" time="0.047" /><testcase classname="backend.tests.test_authz_and_ws.TestAuthorization403" name="test_stat_delete_forbidden" time="0.101" /><testcase classname="backend.tests.test_authz_and_ws.TestAuthorization403" name="test_lineup_list_forbidden" time="0.046" /><testcase classname="backend.tests.test_authz_and_ws.TestAuthorization403" name="test_lineup_create_forbidden" time="0.050" /><testcase classname="backend.tests.test_authz_and_ws.TestAuthorization403" name="test_lineup_delete_forbidden" time="0.102" /><testcase classname="backend.tests.test_authz_and_ws.TestAuthorization403" name="test_training_list_forbidden" time="0.050" /><testcase classname="backend.tests.test_authz_and_ws.TestAuthorization403" name="test_training_create_forbidden" time="0.049" /><testcase classname="backend.tests.test_authz_and_ws.TestAuthorization403" name="test_training_delete_forbidden" time="0.164" /><testcase classname="backend.tests.test_authz_and_ws.TestAuthorization403" name="test_attendance_get_forbidden" time="0.050" /><testcase classname="backend.tests.test_authz_and_ws.TestAuthorization403" name="test_attendance_post_forbidden" time="0.048" /><testcase classname="backend.tests.test_authz_and_ws.TestAuthorization403" name="test_announcement_list_forbidden" time="0.047" /><testcase classname="backend.tests.test_authz_and_ws.TestAuthorization403" name="test_announcement_create_forbidden" time="0.048" /><testcase classname="backend.tests.test_authz_and_ws.TestAuthorization403" name="test_announcement_delete_forbidden" time="0.098" /><testcase classname="backend.tests.test_authz_and_ws.TestAuthorization403" name="test_messages_list_forbidden" time="0.047" /><testcase classname="backend.tests.test_authz_and_ws.TestAuthorization403" name="test_messages_post_forbidden" time="0.110" /><testcase classname="backend.tests.test_authz_and_ws.TestAuthorization403" name="test_gallery_list_forbidden" time="0.047" /><testcase classname="backend.tests.test_authz_and_ws.TestAuthorization403" name="test_gallery_create_forbidden" time="0.048" /><testcase classname="backend.tests.test_authz_and_ws.TestAuthorization403" name="test_gallery_delete_forbidden" time="0.101" /><testcase classname="backend.tests.test_authz_and_ws.TestMemberRegression" name="test_member_get_team" time="0.049" /><testcase classname="backend.tests.test_authz_and_ws.TestMemberRegression" name="test_member_list_players" time="0.050" /><testcase classname="backend.tests.test_authz_and_ws.TestMemberRegression" name="test_member_list_matches" time="0.047" /><testcase classname="backend.tests.test_authz_and_ws.TestMemberRegression" name="test_member_get_match" time="0.050" /><testcase classname="backend.tests.test_authz_and_ws.TestMemberRegression" name="test_member_stats_summary" time="0.048" /><testcase classname="backend.tests.test_authz_and_ws.TestDelete404" name="test_delete_nonexistent_player" time="0.048" /><testcase classname="backend.tests.test_authz_and_ws.TestDelete404" name="test_delete_nonexistent_match" time="0.050" /><testcase classname="backend.tests.test_authz_and_ws.TestDelete404" name="test_delete_nonexistent_stat" time="0.046" /><testcase classname="backend.tests.test_authz_and_ws.TestDelete404" name="test_delete_nonexistent_lineup" time="0.048" /><testcase classname="backend.tests.test_authz_and_ws.TestDelete404" name="test_delete_nonexistent_training" time="0.046" /><testcase classname="backend.tests.test_authz_and_ws.TestDelete404" name="test_delete_nonexistent_announcement" time="0.047" /><testcase classname="backend.tests.test_authz_and_ws.TestDelete404" name="test_delete_nonexistent_gallery" time="0.048" /><testcase classname="backend.tests.test_authz_and_ws" name="test_ws_chat_member_can_send_and_broadcast" time="0.445" /><testcase classname="backend.tests.test_authz_and_ws" name="test_ws_chat_non_member_rejected" time="0.206" /><testcase classname="backend.tests.test_authz_and_ws" name="test_ws_chat_no_token_rejected" time="0.145" /><testcase classname="backend.tests.test_authz_and_ws" name="test_ws_datavolley_stat_added_broadcast" time="0.610" /><testcase classname="backend.tests.test_authz_and_ws" name="test_ws_datavolley_match_update_broadcast" time="0.542" /><testcase classname="backend.tests.test_authz_and_ws" name="test_ws_datavolley_non_member_rejected" time="0.207" /></testsuite></testsuites>