<?xml version="1.0" encoding="utf-8"?><testsuites name="pytest tests"><testsuite name="pytest" errors="0" failures="0" skipped="0" tests="26" time="10.342" timestamp="2026-05-08T02:20:47.253167+00:00" hostname="agent-env-5b55cf26-ec6a-40de-89dc-e738d2771653"><testcase classname="backend.tests.test_team_crud.TestUpdateTeam" name="test_owner_can_update_team" time="1.048" /><testcase classname="backend.tests.test_team_crud.TestUpdateTeam" name="test_non_member_gets_403" time="0.712" /><testcase classname="backend.tests.test_team_crud.TestUpdateTeam" name="test_member_non_owner_gets_403" time="0.641" /><testcase classname="backend.tests.test_team_crud.TestUpdateTeam" name="test_unknown_team_404" time="0.117" /><testcase classname="backend.tests.test_team_crud.TestDeleteTeam" name="test_non_owner_member_cannot_delete" time="0.618" /><testcase classname="backend.tests.test_team_crud.TestDeleteTeam" name="test_unknown_team_delete_404" time="0.103" /><testcase classname="backend.tests.test_team_crud.TestDeleteTeam" name="test_owner_delete_cascades" time="1.951" /><testcase classname="backend.tests.test_team_crud.TestReceptionStats" name="test_reception_stats_logged" time="0.957" /><testcase classname="backend.tests.backend_test.TestAuth" name="test_health" time="0.108" /><testcase classname="backend.tests.backend_test.TestAuth" name="test_register_new_user" time="0.349" /><testcase classname="backend.tests.backend_test.TestAuth" name="test_register_duplicate_fails" time="0.107" /><testcase classname="backend.tests.backend_test.TestAuth" name="test_login_admin" time="0.346" /><testcase classname="backend.tests.backend_test.TestAuth" name="test_login_invalid" time="0.319" /><testcase classname="backend.tests.backend_test.TestAuth" name="test_me_unauthenticated" time="0.100" /><testcase classname="backend.tests.backend_test.TestAuth" name="test_me_authenticated" time="0.392" /><testcase classname="backend.tests.backend_test.TestAuth" name="test_logout" time="0.054" /><testcase classname="backend.tests.backend_test.TestTeams" name="test_create_and_list_team" time="0.097" /><testcase classname="backend.tests.backend_test.TestTeams" name="test_get_team" time="0.048" /><testcase classname="backend.tests.backend_test.TestTeams" name="test_invite_existing_user" time="0.383" /><testcase classname="backend.tests.backend_test.TestTeams" name="test_invite_nonexistent_user_404" time="0.050" /><testcase classname="backend.tests.backend_test.TestPlayers" name="test_player_crud" time="0.156" /><testcase classname="backend.tests.backend_test.TestMatches" name="test_match_crud_and_update" time="0.254" /><testcase classname="backend.tests.backend_test.TestStats" name="test_stats_and_summary" time="0.499" /><testcase classname="backend.tests.backend_test.TestLineups" name="test_lineup_crud" time="0.158" /><testcase classname="backend.tests.backend_test.TestTrainingsAttendance" name="test_training_attendance" time="0.254" /><testcase classname="backend.tests.backend_test.TestComms" name="test_announcement_message_gallery" time="0.429" /></testsuite></testsuites>