<?xml version="1.0" encoding="utf-8"?><testsuites name="pytest tests"><testsuite name="pytest" errors="0" failures="0" skipped="0" tests="18" time="6.352" timestamp="2026-05-07T17:48:05.894400+00:00" hostname="agent-env-5b55cf26-ec6a-40de-89dc-e738d2771653"><testcase classname="backend.tests.backend_test.TestAuth" name="test_health" time="0.281" /><testcase classname="backend.tests.backend_test.TestAuth" name="test_register_new_user" time="0.456" /><testcase classname="backend.tests.backend_test.TestAuth" name="test_register_duplicate_fails" time="0.192" /><testcase classname="backend.tests.backend_test.TestAuth" name="test_login_admin" time="0.447" /><testcase classname="backend.tests.backend_test.TestAuth" name="test_login_invalid" time="0.374" /><testcase classname="backend.tests.backend_test.TestAuth" name="test_me_unauthenticated" time="0.214" /><testcase classname="backend.tests.backend_test.TestAuth" name="test_me_authenticated" time="0.438" /><testcase classname="backend.tests.backend_test.TestAuth" name="test_logout" time="0.079" /><testcase classname="backend.tests.backend_test.TestTeams" name="test_create_and_list_team" time="0.165" /><testcase classname="backend.tests.backend_test.TestTeams" name="test_get_team" time="0.079" /><testcase classname="backend.tests.backend_test.TestTeams" name="test_invite_existing_user" time="0.533" /><testcase classname="backend.tests.backend_test.TestTeams" name="test_invite_nonexistent_user_404" time="0.081" /><testcase classname="backend.tests.backend_test.TestPlayers" name="test_player_crud" time="0.262" /><testcase classname="backend.tests.backend_test.TestMatches" name="test_match_crud_and_update" time="0.428" /><testcase classname="backend.tests.backend_test.TestStats" name="test_stats_and_summary" time="0.829" /><testcase classname="backend.tests.backend_test.TestLineups" name="test_lineup_crud" time="0.258" /><testcase classname="backend.tests.backend_test.TestTrainingsAttendance" name="test_training_attendance" time="0.437" /><testcase classname="backend.tests.backend_test.TestComms" name="test_announcement_message_gallery" time="0.707" /></testsuite></testsuites>